<?xml version="1.0" encoding="UTF-8"?>
<testsuite xmlns:xsi="http://www.w3.org/2001/XMLSchema-instance" xsi:noNamespaceSchemaLocation="https://maven.apache.org/surefire/maven-surefire-plugin/xsd/surefire-test-report.xsd" version="3.0.2" name="com.authbase.UserResourceTest" time="5.816" tests="4" errors="0" skipped="0" failures="0">
  <properties>
[...]
</properties>
  <testcase name="userCannotListUsers" classname="com.authbase.UserResourceTest" time="1.707">
    <system-out><![CDATA[2026-09-04 19:37:09,487 INFO  [org.hib.jpa.int.uti.LogHelper] (main) HHH000204: Processing PersistenceUnitInfo [name: <default>]
2026-09-04 19:37:09,614 INFO  [org.hib.Version] (main) HHH000412: Hibernate ORM core version 7.1.0.Final
2026-09-04 19:37:09,847 INFO  [org.hib.orm.con.pooling] (main) HHH10001005: Database info:
	Database JDBC URL [undefined/unknown]
	Database driver: undefined/unknown
	Database dialect: H2Dialect
	Database version: 2.3.230
	Default catalog/schema: unknown/unknown
	Autocommit mode: undefined/unknown
	Isolation level: <unknown>
	JDBC fetch size: undefined/unknown
	Pool: undefined/unknown
	Minimum pool size: undefined/unknown
	Maximum pool size: undefined/unknown
2026-09-04 19:37:10,001 INFO  [org.hib.val.int.uti.Version] (main) HV000001: Hibernate Validator 9.0.1.Final
2026-09-04 19:37:11,543 INFO  [com.aut.ser.SettingsBootstrap] (main) Configuraci�n general inicial creada
2026-09-04 19:37:11,939 INFO  [com.aut.ser.AdminBootstrap] (main) Usuario administrador inicial creado: admin@example.com
2026-09-04 19:37:11,945 WARN  [com.aut.sec.JwtSecretGuard] (main) Usando JWT_SECRET de desarrollo. Cambialo antes de desplegar.
2026-09-04 19:37:12,019 INFO  [io.quarkus] (main) auth-api 1.0.0 on JVM (powered by Quarkus 3.27.0) started in 5.982s. Listening on: http://0.0.0.0:8081
2026-09-04 19:37:12,019 INFO  [io.quarkus] (main) Profile test activated. 
2026-09-04 19:37:12,019 INFO  [io.quarkus] (main) Installed features: [agroal, cdi, hibernate-orm, hibernate-orm-panache, hibernate-validator, jdbc-h2, jdbc-mysql, mailer, narayana-jta, qute, rest, rest-jackson, security, smallrye-context-propagation, smallrye-health, smallrye-jwt, smallrye-openapi, swagger-ui, vertx]
]]></system-out>
  </testcase>
  <testcase name="anonymousCannotListUsers" classname="com.authbase.UserResourceTest" time="0.011"/>
  <testcase name="adminCanManageUsers" classname="com.authbase.UserResourceTest" time="1.097"/>
  <testcase name="adminCannotDeleteSelf" classname="com.authbase.UserResourceTest" time="0.137"/>
</testsuite>